生成启动时间为 2015/7/31 19:05:41。
     1>项目“E:\Code\Embedded\TPDT.FlightController\TPDT.FC_407\TPDT.FC_407.vcxproj”在节点 2 上(Build 个目标)。
     1>Build:
         rt-thread_stm32f4xx.BAT
     1>"applications\application.c", line 271 : warning : #177-D: label "lost" was declared but never referenced
           lost:
           ^
     1>"applications\application.c", line 319 : warning : #550-D: variable "take_off" was set but never used
           	u8 take_off=0;
           	   ^
     1>"applications\application.c", line 559 : warning : #177-D: function "config_bt" was declared but never referenced
           static void config_bt()
                       ^
         applications\application.c: 3 warnings, 0 errors
     1>"drivers\ahrs.c", line 86 : warning : #1035-D: single-precision operand implicitly converted to double-precision
           	ahrs.degree_roll	=	-asinf(NumQ_T13)* 180.0 / 3.14;
           	                	 	^
     1>"drivers\ahrs.c", line 87 : warning : #1035-D: single-precision operand implicitly converted to double-precision
           	ahrs.degree_pitch	=	atan2f(NumQ_T23, NumQ_T33)* 180.0 / 3.14;
           	                 	 	^
     1>"drivers\ahrs.c", line 88 : warning : #1035-D: single-precision operand implicitly converted to double-precision
           	ahrs.degree_yaw		=	atan2f(NumQ_T12, NumQ_T11)* 180.0 / 3.14;
           	               		 	^
     1>"drivers\ahrs.c", line 100 : warning : #1035-D: single-precision operand implicitly converted to double-precision
           	return degree *3.14 / 180.0;
           	       ^
     1>"drivers\ahrs.c", line 230 : warning : #177-D: variable "tmp" was declared but never referenced
           	double tmp;
           	       ^
     1>"drivers\ahrs.c", line 98 : warning : #177-D: function "toRad" was declared but never referenced
           rt_inline float toRad(float degree)
                           ^
         drivers\ahrs.c: 6 warnings, 0 errors
     1>"drivers\hmc5883.c", line 369 : warning : #1035-D: single-precision operand implicitly converted to double-precision
           				ahrs.degree_yaw=yaw_a*(ahrs.degree_yaw+ahrs.gryo_yaw/75.0)+(1.0-yaw_a)*(mag_angle+360.0);
           				                                                                        ^
     1>"drivers\hmc5883.c", line 375 : warning : #1035-D: single-precision operand implicitly converted to double-precision
           				ahrs.degree_yaw=yaw_a*(ahrs.degree_yaw+ahrs.gryo_yaw/75.0)+(1.0-yaw_a)*(mag_angle-360.0);
           				                                                                        ^
         drivers\hmc5883.c: 2 warnings, 0 errors
     1>"drivers\eMPL\inv_mpu_dmp_motion_driver.c", line 1343 : warning : #223-D: function "get_ms" declared implicitly
               get_ms(timestamp);
               ^
         drivers\eMPL\inv_mpu_dmp_motion_driver.c: 1 warning, 0 errors
         Program Size: Code=159320 RO-data=12152 RW-data=904 ZI-data=15448  
     1>已完成生成项目“E:\Code\Embedded\TPDT.FlightController\TPDT.FC_407\TPDT.FC_407.vcxproj”(Build 个目标)的操作。

已成功生成。

已用时间 00:00:58.06
